Mobiilipeli/export/unityLibrary/build/intermediates/manifest_merge_blame_file/release/manifest-merger-blame-release-report.txt
1<?xml version="1.0" encoding="utf-8"?>
2<manifest xmlns:android="http://schemas.android.com/apk/res/android"
3    xmlns:tools="http://schemas.android.com/tools"
4    package="com.unity3d.player"
5    android:versionCode="1"
6    android:versionName="1.0.2" >
7
8    <uses-sdk
9        android:minSdkVersion="26"
9-->src\main\AndroidManifest.xml
10        android:targetSdkVersion="31" />
10-->src\main\AndroidManifest.xml
11
12    <uses-feature android:glEsVersion="0x00030000" />
12-->src\main\AndroidManifest.xml:23:3-52
12-->src\main\AndroidManifest.xml:23:17-49
13    <uses-feature
13-->src\main\AndroidManifest.xml:24:3-91
14        android:name="android.hardware.vulkan.version"
14-->src\main\AndroidManifest.xml:24:17-63
15        android:required="false" />
15-->src\main\AndroidManifest.xml:24:64-88
16    <uses-feature
16-->src\main\AndroidManifest.xml:25:3-84
17        android:name="android.hardware.type.pc"
17-->src\main\AndroidManifest.xml:25:17-56
18        android:required="false" />
18-->src\main\AndroidManifest.xml:25:57-81
19    <uses-feature android:name="android.software.home_screen" />
19-->src\main\AndroidManifest.xml:26:3-63
19-->src\main\AndroidManifest.xml:26:17-60
20
21    <uses-permission android:name="android.permission.INTERNET" />
21-->src\main\AndroidManifest.xml:27:3-65
21-->src\main\AndroidManifest.xml:27:20-62
22    <uses-permission android:name="android.permission.ACCESS_NETWORK_STATE" />
22-->src\main\AndroidManifest.xml:28:3-77
22-->src\main\AndroidManifest.xml:28:20-74
23
24    <uses-feature
24-->src\main\AndroidManifest.xml:29:3-88
25        android:name="android.hardware.touchscreen"
25-->src\main\AndroidManifest.xml:29:17-60
26        android:required="false" />
26-->src\main\AndroidManifest.xml:29:61-85
27    <uses-feature
27-->src\main\AndroidManifest.xml:30:3-99
28        android:name="android.hardware.touchscreen.multitouch"
28-->src\main\AndroidManifest.xml:30:17-71
29        android:required="false" />
29-->src\main\AndroidManifest.xml:30:72-96
30    <uses-feature
30-->src\main\AndroidManifest.xml:31:3-108
31        android:name="android.hardware.touchscreen.multitouch.distinct"
31-->src\main\AndroidManifest.xml:31:17-80
32        android:required="false" />
32-->src\main\AndroidManifest.xml:31:81-105
33
34    <uses-permission android:name="android.permission.POST_NOTIFICATIONS" />
34-->src\main\AndroidManifest.xml:32:3-75
34-->src\main\AndroidManifest.xml:32:20-72
35
36    <application android:extractNativeLibs="true" >
36-->src\main\AndroidManifest.xml:3:3-22:17
36-->src\main\AndroidManifest.xml:3:16-48
37        <activity
37-->src\main\AndroidManifest.xml:4:5-10:16
38            android:name="com.unity3d.player.UnityPlayerActivity"
38-->src\main\AndroidManifest.xml:4:15-68
39            android:configChanges="mcc|mnc|locale|touchscreen|keyboard|keyboardHidden|navigation|orientation|screenLayout|uiMode|screenSize|smallestScreenSize|fontScale|layoutDirection|density"
39-->src\main\AndroidManifest.xml:4:188-369
40            android:exported="true"
40-->src\main\AndroidManifest.xml:4:441-464
41            android:hardwareAccelerated="false"
41-->src\main\AndroidManifest.xml:4:405-440
42            android:launchMode="singleTask"
42-->src\main\AndroidManifest.xml:4:156-187
43            android:resizeableActivity="false"
43-->src\main\AndroidManifest.xml:4:370-404
44            android:screenOrientation="reverseLandscape"
44-->src\main\AndroidManifest.xml:4:111-155
45            android:theme="@style/UnityThemeSelector" >
45-->src\main\AndroidManifest.xml:4:69-110
46            <intent-filter>
46-->src\main\AndroidManifest.xml:5:7-8:23
47                <action android:name="android.intent.action.MAIN" />
47-->src\main\AndroidManifest.xml:6:9-61
47-->src\main\AndroidManifest.xml:6:17-58
48
49                <category android:name="android.intent.category.LAUNCHER" />
49-->src\main\AndroidManifest.xml:7:9-69
49-->src\main\AndroidManifest.xml:7:19-66
50            </intent-filter>
51
52            <meta-data
52-->src\main\AndroidManifest.xml:9:7-82
53                android:name="unityplayer.UnityActivity"
53-->src\main\AndroidManifest.xml:9:18-58
54                android:value="true" />
54-->src\main\AndroidManifest.xml:9:59-79
55        </activity>
56
57        <meta-data
57-->src\main\AndroidManifest.xml:11:5-69
58            android:name="unity.splash-mode"
58-->src\main\AndroidManifest.xml:11:16-48
59            android:value="0" />
59-->src\main\AndroidManifest.xml:11:49-66
60        <meta-data
60-->src\main\AndroidManifest.xml:12:5-74
61            android:name="unity.splash-enable"
61-->src\main\AndroidManifest.xml:12:16-50
62            android:value="True" />
62-->src\main\AndroidManifest.xml:12:51-71
63        <meta-data
63-->src\main\AndroidManifest.xml:13:5-78
64            android:name="unity.launch-fullscreen"
64-->src\main\AndroidManifest.xml:13:16-54
65            android:value="True" />
65-->src\main\AndroidManifest.xml:13:55-75
66        <meta-data
66-->src\main\AndroidManifest.xml:14:5-84
67            android:name="unity.allow-resizable-window"
67-->src\main\AndroidManifest.xml:14:16-59
68            android:value="False" />
68-->src\main\AndroidManifest.xml:14:60-81
69
70        <receiver
70-->src\main\AndroidManifest.xml:15:5-113
71            android:name="com.unity.androidnotifications.UnityNotificationManager"
71-->src\main\AndroidManifest.xml:15:15-85
72            android:exported="false" />
72-->src\main\AndroidManifest.xml:15:86-110
73        <receiver
73-->src\main\AndroidManifest.xml:16:5-20:16
74            android:name="com.unity.androidnotifications.UnityNotificationRestartOnBootReceiver"
74-->src\main\AndroidManifest.xml:16:15-99
75            android:enabled="false"
75-->src\main\AndroidManifest.xml:16:100-123
76            android:exported="false" >
76-->src\main\AndroidManifest.xml:16:124-148
77            <intent-filter>
77-->src\main\AndroidManifest.xml:17:7-19:23
78                <action android:name="android.intent.action.BOOT_COMPLETED" />
78-->src\main\AndroidManifest.xml:18:9-71
78-->src\main\AndroidManifest.xml:18:17-68
79            </intent-filter>
80        </receiver>
81
82        <meta-data
82-->src\main\AndroidManifest.xml:21:5-99
83            android:name="com.unity.androidnotifications.exact_scheduling"
83-->src\main\AndroidManifest.xml:21:16-78
84            android:value="0" />
84-->src\main\AndroidManifest.xml:21:79-96
85    </application>
86
87</manifest>